app/build/intermediates/manifest_merge_blame_file/debug/manifest-merger-blame-debug-report.txt
1<?xml version="1.0" encoding="utf-8"?>
2<manifest xmlns:android="http://schemas.android.com/apk/res/android"
3    package="com.example.newsapp"
4    android:versionCode="1"
5    android:versionName="1.0" >
6
7    <uses-sdk
8        android:minSdkVersion="24"
8-->src/main/AndroidManifest.xml
9        android:targetSdkVersion="33" />
9-->src/main/AndroidManifest.xml
10
11    <uses-permission android:name="android.permission.INTERNET" />
11-->src/main/AndroidManifest.xml:5:5-66
11-->src/main/AndroidManifest.xml:5:22-64
12
13    <permission
13-->[androidx.core:core:1.9.0] AndroidManifest.xml:22:5-24:47
14        android:name="com.example.newsapp.DYNAMIC_RECEIVER_NOT_EXPORTED_PERMISSION"
14-->[androidx.core:core:1.9.0] AndroidManifest.xml:23:9-81
15        android:protectionLevel="signature" />
15-->[androidx.core:core:1.9.0] AndroidManifest.xml:24:9-44
16
17    <uses-permission android:name="com.example.newsapp.DYNAMIC_RECEIVER_NOT_EXPORTED_PERMISSION" /> <!-- Permission will be merged into the manifest of the hosting app. -->
17-->[androidx.core:core:1.9.0] AndroidManifest.xml:26:5-97
17-->[androidx.core:core:1.9.0] AndroidManifest.xml:26:22-94
18    <!-- Is required to launch foreground extraction service for targetSdkVersion 28+. -->
19    <uses-permission android:name="android.permission.FOREGROUND_SERVICE" />
19-->[com.google.android.play:core:1.7.2] AndroidManifest.xml:8:3-74
19-->[com.google.android.play:core:1.7.2] AndroidManifest.xml:8:20-72
20
21    <application
21-->src/main/AndroidManifest.xml:6:5-24:19
22        android:allowBackup="true"
22-->src/main/AndroidManifest.xml:7:9-35
23        android:appComponentFactory="androidx.core.app.CoreComponentFactory"
23-->[androidx.core:core:1.9.0] AndroidManifest.xml:28:18-86
24        android:dataExtractionRules="@xml/data_extraction_rules"
24-->src/main/AndroidManifest.xml:8:9-65
25        android:debuggable="true"
26        android:extractNativeLibs="false"
27        android:fullBackupContent="@xml/backup_rules"
27-->src/main/AndroidManifest.xml:9:9-54
28        android:icon="@mipmap/ic_launcher"
28-->src/main/AndroidManifest.xml:10:9-43
29        android:label="@string/app_name"
29-->src/main/AndroidManifest.xml:11:9-41
30        android:supportsRtl="true"
30-->src/main/AndroidManifest.xml:12:9-35
31        android:testOnly="true"
32        android:theme="@style/Theme.NewsApp" >
32-->src/main/AndroidManifest.xml:13:9-45
33        <activity
33-->src/main/AndroidManifest.xml:15:9-23:20
34            android:name="com.example.newsapp.ui.MainActivity"
34-->src/main/AndroidManifest.xml:16:13-44
35            android:exported="true" >
35-->src/main/AndroidManifest.xml:17:13-36
36            <intent-filter>
36-->src/main/AndroidManifest.xml:18:13-22:29
37                <action android:name="android.intent.action.MAIN" />
37-->src/main/AndroidManifest.xml:19:17-69
37-->src/main/AndroidManifest.xml:19:25-66
38
39                <category android:name="android.intent.category.LAUNCHER" />
39-->src/main/AndroidManifest.xml:21:17-77
39-->src/main/AndroidManifest.xml:21:27-74
40            </intent-filter>
41        </activity>
42
43        <provider
43-->[androidx.emoji2:emoji2:1.2.0] AndroidManifest.xml:24:9-32:20
44            android:name="androidx.startup.InitializationProvider"
44-->[androidx.emoji2:emoji2:1.2.0] AndroidManifest.xml:25:13-67
45            android:authorities="com.example.newsapp.androidx-startup"
45-->[androidx.emoji2:emoji2:1.2.0] AndroidManifest.xml:26:13-68
46            android:exported="false" >
46-->[androidx.emoji2:emoji2:1.2.0] AndroidManifest.xml:27:13-37
47            <meta-data
47-->[androidx.emoji2:emoji2:1.2.0] AndroidManifest.xml:29:13-31:52
48                android:name="androidx.emoji2.text.EmojiCompatInitializer"
48-->[androidx.emoji2:emoji2:1.2.0] AndroidManifest.xml:30:17-75
49                android:value="androidx.startup" />
49-->[androidx.emoji2:emoji2:1.2.0] AndroidManifest.xml:31:17-49
50            <meta-data
50-->[androidx.lifecycle:lifecycle-process:2.4.1] AndroidManifest.xml:31:13-33:52
51                android:name="androidx.lifecycle.ProcessLifecycleInitializer"
51-->[androidx.lifecycle:lifecycle-process:2.4.1] AndroidManifest.xml:32:17-78
52                android:value="androidx.startup" />
52-->[androidx.lifecycle:lifecycle-process:2.4.1] AndroidManifest.xml:33:17-49
53        </provider>
54
55        <service
55-->[androidx.room:room-runtime:2.2.5] AndroidManifest.xml:25:9-28:40
56            android:name="androidx.room.MultiInstanceInvalidationService"
56-->[androidx.room:room-runtime:2.2.5] AndroidManifest.xml:26:13-74
57            android:directBootAware="true"
57-->[androidx.room:room-runtime:2.2.5] AndroidManifest.xml:27:13-43
58            android:exported="false" /> <!-- The activities will be merged into the manifest of the hosting app. -->
58-->[androidx.room:room-runtime:2.2.5] AndroidManifest.xml:28:13-37
59        <activity
59-->[com.google.android.play:core:1.7.2] AndroidManifest.xml:12:5-271
60            android:name="com.google.android.play.core.missingsplits.PlayCoreMissingSplitsActivity"
60-->[com.google.android.play:core:1.7.2] AndroidManifest.xml:12:15-102
61            android:enabled="false"
61-->[com.google.android.play:core:1.7.2] AndroidManifest.xml:12:103-126
62            android:exported="false"
62-->[com.google.android.play:core:1.7.2] AndroidManifest.xml:12:127-151
63            android:launchMode="singleInstance"
63-->[com.google.android.play:core:1.7.2] AndroidManifest.xml:12:204-239
64            android:process=":playcore_missing_splits_activity"
64-->[com.google.android.play:core:1.7.2] AndroidManifest.xml:12:152-203
65            android:stateNotNeeded="true" />
65-->[com.google.android.play:core:1.7.2] AndroidManifest.xml:12:240-269
66        <activity
66-->[com.google.android.play:core:1.7.2] AndroidManifest.xml:13:5-226
67            android:name="com.google.android.play.core.common.PlayCoreDialogWrapperActivity"
67-->[com.google.android.play:core:1.7.2] AndroidManifest.xml:13:15-95
68            android:enabled="false"
68-->[com.google.android.play:core:1.7.2] AndroidManifest.xml:13:96-119
69            android:exported="false"
69-->[com.google.android.play:core:1.7.2] AndroidManifest.xml:13:120-144
70            android:stateNotNeeded="true"
70-->[com.google.android.play:core:1.7.2] AndroidManifest.xml:13:145-174
71            android:theme="@style/Theme.PlayCore.Transparent" /> <!-- The service will be merged into the manifest of the hosting app. -->
71-->[com.google.android.play:core:1.7.2] AndroidManifest.xml:13:175-224
72        <service
72-->[com.google.android.play:core:1.7.2] AndroidManifest.xml:16:5-145
73            android:name="com.google.android.play.core.assetpacks.AssetPackExtractionService"
73-->[com.google.android.play:core:1.7.2] AndroidManifest.xml:16:14-95
74            android:enabled="false"
74-->[com.google.android.play:core:1.7.2] AndroidManifest.xml:16:96-119
75            android:exported="true" />
75-->[com.google.android.play:core:1.7.2] AndroidManifest.xml:16:120-143
76    </application>
77
78</manifest>